
> portfolio-site@0.1.0 build
> next build

[baseline-browser-mapping] The data in this module is over two months old.  To ensure accurate Baseline data, please update: `npm i baseline-browser-mapping@latest -D`
   ▲ Next.js 16.0.5 (Turbopack)

   Creating an optimized production build ...
[baseline-browser-mapping] The data in this module is over two months old.  To ensure accurate Baseline data, please update: `npm i baseline-browser-mapping@latest -D`
[baseline-browser-mapping] The data in this module is over two months old.  To ensure accurate Baseline data, please update: `npm i baseline-browser-mapping@latest -D`
 ✓ Compiled successfully in 2.3s
   Running TypeScript ...
Failed to compile.

./src/app/layout.tsx:33:10
Type error: Cannot find name 'OSProvider'.

[0m [90m 31 |[39m         className[33m=[39m{[32m`${inter.variable} ${jetbrainsMono.variable} antialiased bg-ide-bg text-ide-text overflow-hidden`[39m}
 [90m 32 |[39m       [33m>[39m
[31m[1m>[22m[39m[90m 33 |[39m [36mimport[39m { [33mOSProvider[39m } [36mfrom[39m [32m"@/context/OSContext"[39m[33m;[39m
 [90m    |[39m          [31m[1m^[22m[39m
 [90m 34 |[39m [36mimport[39m [33mDesktop[39m [36mfrom[39m [32m"@/components/os/Desktop"[39m[33m;[39m
 [90m 35 |[39m
 [90m 36 |[39m [90m// ...[39m[0m
Next.js build worker exited with code: 1 and signal: null
